[ERROR][auth.go:57] 2023/08/09 15:04:28 [authRepository.GetIDByUsername error: Error 1054 (42S22): Unknown column 'username' in 'where clause']
[ERROR][auth.go:57] 2023/08/09 15:06:22 [authRepository.GetIDByUsername error: record not found]
[ERROR][auth.go:57] 2023/08/09 15:09:45 [authRepository.GetIDByUsername error: record not found]
[ERROR][auth.go:57] 2023/08/09 15:13:57 [authRepository.GetIDByUsername error: record not found]
[ERROR][auth.go:57] 2023/08/09 15:14:16 [authRepository.GetIDByUsername error: record not found]
[ERROR][auth.go:57] 2023/08/09 15:14:20 [authRepository.GetIDByUsername error: record not found]
[FATAL][jwt.go:40] 2023/08/09 15:33:31 [0xc0001b62d0]
[ERROR][auth.go:41] 2023/08/09 15:33:31 [common.GenToken error,  key is of invalid type]
[INFO][auth.go:24] 2023/08/09 15:39:47 [user already exist]
[INFO][auth.go:25] 2023/08/09 15:42:59 [user already exist]
[FATAL][jwt.go:40] 2023/08/09 15:55:13 [0xc0000a6190]
[ERROR][auth.go:41] 2023/08/09 15:55:13 [common.GenToken error,  key is of invalid type]
[INFO][auth.go:25] 2023/08/09 15:56:54 [user already exist]
[INFO][auth.go:25] 2023/08/09 15:59:46 [user already exist]
[INFO][auth.go:25] 2023/08/09 15:59:48 [user already exist]
[INFO][auth.go:25] 2023/08/09 16:00:11 [user already exist]
[FATAL][jwt.go:40] 2023/08/09 16:00:35 [0xc0004b6140]
[ERROR][auth.go:43] 2023/08/09 16:00:35 [common.GenToken error,  key is of invalid type]
[FATAL][jwt.go:40] 2023/08/09 16:03:08 [0xc0004b8280]
[FATAL][jwt.go:40] 2023/08/09 16:04:34 [0xc00063e5a0]
[FATAL][jwt.go:40] 2023/08/10 11:41:55 [0xc0005e4370]
[ERROR][auth.go:157] 2023/08/10 11:42:04 [The account number or password is incorrect]
[ERROR][auth.go:157] 2023/08/10 11:42:57 [The account number or password is incorrect]
[ERROR][auth.go:158] 2023/08/10 11:47:53 [The account number or password is incorrect]
[ERROR][auth.go:158] 2023/08/10 11:48:01 [The account number or password is incorrect]
[ERROR][auth.go:158] 2023/08/10 11:52:31 [The account number or password is incorrect]
[FATAL][jwt.go:40] 2023/08/10 11:54:07 [0xc00075bb80]
[FATAL][jwt.go:40] 2023/08/10 11:54:37 [0xc0005960a0]
[FATAL][jwt.go:40] 2023/08/10 13:46:08 [0xc0001660f0]
[FATAL][jwt.go:40] 2023/08/10 13:46:22 [0xc000166500]
[FATAL][jwt.go:40] 2023/08/10 16:45:44 [0xc00006c190]
[FATAL][jwt.go:40] 2023/08/10 16:53:30 [0xc00006c370]
[FATAL][jwt.go:40] 2023/08/10 16:54:49 [0xc0001e7cc0]
[FATAL][jwt.go:41] 2023/08/17 14:08:06 [0xc0004600f0]
[FATAL][jwt.go:41] 2023/08/17 14:33:01 [0xc0003ba230]
[FATAL][redis.go:113] 2023/08/18 14:24:47 [Token不存在]
[ERROR][AuthMiddleware.go:41] 2023/08/18 14:24:47 [token不存在，验证失败]
[FATAL][redis.go:113] 2023/08/18 14:24:47 [Token不存在]
[ERROR][AuthMiddleware.go:41] 2023/08/18 14:24:47 [token不存在，验证失败]
[FATAL][redis.go:113] 2023/08/18 14:24:48 [Token不存在]
[ERROR][AuthMiddleware.go:41] 2023/08/18 14:24:48 [token不存在，验证失败]
[FATAL][redis.go:113] 2023/08/18 14:24:48 [Token不存在]
[ERROR][AuthMiddleware.go:41] 2023/08/18 14:24:48 [token不存在，验证失败]
[FATAL][redis.go:113] 2023/08/18 14:24:50 [Token不存在]
[ERROR][AuthMiddleware.go:41] 2023/08/18 14:24:50 [token不存在，验证失败]
[FATAL][redis.go:113] 2023/08/18 14:24:50 [Token不存在]
[ERROR][AuthMiddleware.go:41] 2023/08/18 14:24:50 [token不存在，验证失败]
[INFO][auth.go:27] 2023/08/18 14:25:50 [user already exist]
[FATAL][jwt.go:41] 2023/08/18 14:26:05 [0xc0004f0050]
[FATAL][redis.go:113] 2023/08/18 14:50:22 [Token不存在]
[ERROR][AuthMiddleware.go:41] 2023/08/18 14:50:22 [token不存在，验证失败]
[FATAL][redis.go:113] 2023/08/18 14:50:22 [Token不存在]
[ERROR][AuthMiddleware.go:41] 2023/08/18 14:50:22 [token不存在，验证失败]
[FATAL][redis.go:113] 2023/08/18 14:53:01 [Token不存在]
[ERROR][AuthMiddleware.go:41] 2023/08/18 14:53:01 [token不存在，验证失败]
[FATAL][redis.go:113] 2023/08/18 14:53:02 [Token不存在]
[ERROR][AuthMiddleware.go:41] 2023/08/18 14:53:02 [token不存在，验证失败]
[FATAL][redis.go:113] 2023/08/18 14:53:04 [Token不存在]
[ERROR][AuthMiddleware.go:41] 2023/08/18 14:53:04 [token不存在，验证失败]
[ERROR][auth.go:153] 2023/08/18 14:53:42 [The account number or password is incorrect]
[FATAL][jwt.go:41] 2023/08/18 14:53:48 [0xc000506500]
[DEBUG][publish.go:66] 2023/08/18 14:54:54 []
[FATAL][jwt.go:41] 2023/08/18 15:08:15 [0xc0006b8190]
