[INFO][auth.go:25] 2023/08/09 15:54:39 [user already exist]
[FATAL][jwt.go:40] 2023/08/10 12:00:26 [0xc0001f8050]
[ERROR][auth.go:20] 2023/08/16 00:04:38 [Data format error]
[ERROR][auth.go:20] 2023/08/16 00:06:24 [Data format error]
[ERROR][auth.go:20] 2023/08/16 00:06:26 [Data format error]
[FATAL][jwt.go:41] 2023/08/16 00:06:30 [0xc00046a4b0]
[ERROR][auth.go:114] 2023/08/16 00:06:30 [redis.SetUser error: dial tcp 127.0.0.1:6379: connect: connection refused]
[FATAL][jwt.go:41] 2023/08/16 00:06:39 [0xc00046a870]
[ERROR][auth.go:114] 2023/08/16 00:06:39 [redis.SetUser error: dial tcp 127.0.0.1:6379: connect: connection refused]
[ERROR][auth.go:20] 2023/08/16 00:07:21 [Data format error]
[ERROR][auth.go:20] 2023/08/16 00:15:20 [Data format error]
[ERROR][auth.go:52] 2023/08/16 00:15:25 [Data format error]
[ERROR][auth.go:52] 2023/08/16 00:17:18 [Data format error]
[ERROR][auth.go:52] 2023/08/16 00:17:33 [Data format error]
[ERROR][auth.go:52] 2023/08/16 00:17:37 [Data format error]
[ERROR][auth.go:52] 2023/08/16 00:19:00 [Data format error]
[ERROR][auth.go:20] 2023/08/16 00:21:34 [Data format error]
[ERROR][auth.go:20] 2023/08/16 00:22:05 [Data format error]
[ERROR][auth.go:20] 2023/08/16 00:23:55 [Data format error]
[ERROR][auth.go:52] 2023/08/16 00:26:18 [Data format error]
[ERROR][auth.go:20] 2023/08/16 00:29:40 [Data format error]
[ERROR][auth.go:20] 2023/08/16 00:29:43 [Data format error]
[ERROR][auth.go:20] 2023/08/16 10:24:08 [Data format error]
[ERROR][auth.go:20] 2023/08/16 10:24:12 [Data format error]
[FATAL][jwt.go:41] 2023/08/16 10:28:44 [0xc00049e500]
[ERROR][auth.go:113] 2023/08/16 10:28:44 [redis.SetUser error: dial tcp 127.0.0.1:6379: connect: connection refused]
[FATAL][jwt.go:41] 2023/08/16 10:33:06 [0xc000092550]
[FATAL][jwt.go:41] 2023/08/16 10:34:00 [0xc000092a00]
[DEBUG][like.go:90] 2023/08/16 10:42:36 [GetlikeIdListByUserId]
[DEBUG][like.go:90] 2023/08/16 10:42:39 [GetlikeIdListByUserId]
[DEBUG][like.go:90] 2023/08/16 10:43:19 [GetlikeIdListByUserId]
[DEBUG][like.go:47] 2023/08/16 10:43:19 [videoService.FavoriteList]
[DEBUG][like.go:90] 2023/08/16 10:43:34 [GetlikeIdListByUserId]
[DEBUG][like.go:47] 2023/08/16 10:43:34 [videoService.FavoriteList]
[DEBUG][like.go:90] 2023/08/16 10:43:44 [GetlikeIdListByUserId]
[DEBUG][like.go:47] 2023/08/16 10:43:44 [videoService.FavoriteList]
[DEBUG][like.go:45] 2023/08/16 10:45:00 [func (l *likes) GetlikeIdListByUserId(ctx context.Context, userId int64) ([]int64, error) {]
[DEBUG][like.go:90] 2023/08/16 10:45:00 [GetlikeIdListByUserId]
[DEBUG][like.go:47] 2023/08/16 10:45:00 [videoService.FavoriteList]
[DEBUG][video.go:58] 2023/08/16 13:01:39 [no videos]
[DEBUG][video.go:58] 2023/08/16 13:01:42 [no videos]
[DEBUG][video.go:58] 2023/08/16 13:02:08 [no videos]
[DEBUG][video.go:58] 2023/08/16 13:02:10 [no videos]
[FATAL][jwt.go:41] 2023/08/16 15:32:59 [0xc0003c41e0]
[DEBUG][video.go:60] 2023/08/16 15:46:20 [no videos]
[FATAL][jwt.go:41] 2023/08/16 15:46:39 [0xc000172a50]
[FATAL][jwt.go:41] 2023/08/16 16:10:17 [0xc000572f50]
[DEBUG][publish.go:57] 2023/08/16 16:10:29 []
[DEBUG][publish.go:57] 2023/08/16 16:13:02 []
[DEBUG][publish.go:57] 2023/08/16 16:14:32 []
[DEBUG][publish.go:58] 2023/08/16 16:20:40 []
[DEBUG][publish.go:58] 2023/08/16 16:25:02 []
[DEBUG][publish.go:58] 2023/08/16 16:26:08 []
[DEBUG][publish.go:58] 2023/08/16 16:32:48 []
[DEBUG][publish.go:58] 2023/08/16 16:39:02 []
[DEBUG][publish.go:58] 2023/08/16 16:39:48 []
[FATAL][jwt.go:41] 2023/08/16 16:40:11 [0xc000172280]
[DEBUG][publish.go:58] 2023/08/16 16:41:45 []
[DEBUG][video.go:60] 2023/08/16 16:45:09 [no videos]
[FATAL][jwt.go:41] 2023/08/16 16:45:24 [0xc000088230]
[DEBUG][publish.go:58] 2023/08/16 16:45:37 []
[DEBUG][video.go:60] 2023/08/16 18:35:23 [no videos]
[DEBUG][video.go:60] 2023/08/16 18:35:32 [no videos]
[FATAL][jwt.go:41] 2023/08/16 18:35:40 [0xc0001447d0]
[DEBUG][video.go:60] 2023/08/16 18:35:46 [no videos]
[DEBUG][publish.go:58] 2023/08/16 18:35:56 [public/2a65f214-7ba3-4dab-911c-d5c2f9a375c6-bear_cover.jpg]
[FATAL][comment.go:77] 2023/08/16 18:36:10 [Error 1146 (42S02): Table 'tinytik.vedio' doesn't exist]
[FATAL][comment.go:77] 2023/08/16 18:36:55 [Error 1146 (42S02): Table 'tinytik.vedio' doesn't exist]
[FATAL][comment.go:77] 2023/08/16 18:36:59 [Error 1146 (42S02): Table 'tinytik.vedio' doesn't exist]
[FATAL][comment.go:77] 2023/08/16 18:40:46 [Error 1146 (42S02): Table 'tinytik.vedio' doesn't exist]
[FATAL][jwt.go:41] 2023/08/16 18:41:35 [0xc0001446e0]
[DEBUG][publish.go:58] 2023/08/16 18:42:03 [public/98b5bc6d-40e7-4a5f-98bb-3075ef36a7c9-bear_cover.jpg]
[DEBUG][publish.go:58] 2023/08/16 18:50:17 [public/7e9801c3-a103-4de8-979d-eed96dac15e8-bear_cover.jpg]
[DEBUG][publish.go:65] 2023/08/16 19:01:04 [public/3f6bed66-2a83-47d6-b5ee-1cbea453c277-bear_cover.jpg]
[DEBUG][publish.go:65] 2023/08/17 13:41:25 [public/af3c83f3-5122-482d-8589-a3250933ce11-bear_cover.jpg]
[DEBUG][publish.go:65] 2023/08/17 13:41:26 [public/2cf6ab45-33ed-4f78-97a8-380f7d2e7f2b-bear_cover.jpg]
[FATAL][jwt.go:41] 2023/08/17 13:42:53 [0xc0003c4dc0]
[DEBUG][publish.go:65] 2023/08/17 13:43:07 [public/a325765d-3346-4c8c-9962-9e5bba366be1-bear_cover.jpg]
[DEBUG][like.go:46] 2023/08/17 13:46:24 [func (l *likes) GetlikeIdListByUserId(ctx context.Context, userId int64) ([]int64, error) {]
[DEBUG][like.go:90] 2023/08/17 13:46:24 [GetlikeIdListByUserId]
[DEBUG][like.go:58] 2023/08/17 13:46:24 [videoService.FavoriteList]
[ERROR][auth.go:36] 2023/08/17 13:46:35 [authRepository.GetIDByUsername error: Error 1146 (42S02): Table 'tinytik.user_auths' doesn't exist]
[ERROR][auth.go:36] 2023/08/17 13:46:37 [authRepository.GetIDByUsername error: Error 1146 (42S02): Table 'tinytik.user_auths' doesn't exist]
[FATAL][jwt.go:41] 2023/08/17 13:46:49 [0xc000140af0]
[DEBUG][publish.go:65] 2023/08/17 13:47:04 [public/205cd5e2-4867-46d3-99fd-03c3e9b80bc4-bear_cover.jpg]
[DEBUG][publish.go:65] 2023/08/17 13:52:24 [public/24ae2103-c1ad-478b-818c-300a5fcbdd0f-bear_cover.jpg]
[DEBUG][publish.go:65] 2023/08/17 13:53:58 [public/c64bd44a-d7a3-41cd-91ce-5e44e3bb8550-bear_cover.jpg]
[FATAL][jwt.go:41] 2023/08/17 13:54:53 [0xc000566000]
[DEBUG][publish.go:65] 2023/08/17 13:55:03 [public/0e38e9ff-4f0e-404d-94f3-359e18fbbff2-bear_cover.jpg]
[FATAL][redis.go:113] 2023/08/17 13:55:51 [Token不存在]
[DEBUG][like.go:30] 2023/08/17 13:55:51 [user not exist]
[FATAL][redis.go:113] 2023/08/17 13:55:57 [Token不存在]
[DEBUG][like.go:30] 2023/08/17 13:55:57 [user not exist]
[FATAL][redis.go:113] 2023/08/17 13:55:59 [Token不存在]
[DEBUG][like.go:30] 2023/08/17 13:55:59 [user not exist]
[FATAL][redis.go:113] 2023/08/17 13:56:01 [Token不存在]
[DEBUG][like.go:30] 2023/08/17 13:56:01 [user not exist]
[FATAL][redis.go:113] 2023/08/17 13:56:03 [Token不存在]
[DEBUG][like.go:30] 2023/08/17 13:56:03 [user not exist]
[FATAL][redis.go:113] 2023/08/17 13:56:05 [Token不存在]
[DEBUG][like.go:30] 2023/08/17 13:56:05 [user not exist]
[FATAL][redis.go:113] 2023/08/17 13:56:05 [Token不存在]
[DEBUG][like.go:30] 2023/08/17 13:56:05 [user not exist]
[FATAL][redis.go:113] 2023/08/17 13:56:05 [Token不存在]
[DEBUG][like.go:30] 2023/08/17 13:56:05 [user not exist]
[FATAL][redis.go:113] 2023/08/17 13:56:06 [Token不存在]
[DEBUG][like.go:30] 2023/08/17 13:56:06 [user not exist]
[FATAL][redis.go:113] 2023/08/17 13:56:06 [Token不存在]
[DEBUG][like.go:30] 2023/08/17 13:56:06 [user not exist]
[FATAL][redis.go:113] 2023/08/17 13:56:06 [Token不存在]
[DEBUG][like.go:30] 2023/08/17 13:56:06 [user not exist]
[FATAL][redis.go:113] 2023/08/17 13:56:06 [Token不存在]
[DEBUG][like.go:30] 2023/08/17 13:56:06 [user not exist]
[FATAL][redis.go:113] 2023/08/17 13:56:06 [Token不存在]
[DEBUG][like.go:30] 2023/08/17 13:56:06 [user not exist]
[FATAL][redis.go:113] 2023/08/17 13:56:07 [Token不存在]
[DEBUG][like.go:30] 2023/08/17 13:56:07 [user not exist]
[FATAL][redis.go:113] 2023/08/17 13:56:07 [Token不存在]
[DEBUG][like.go:30] 2023/08/17 13:56:07 [user not exist]
[FATAL][redis.go:113] 2023/08/17 13:56:07 [Token不存在]
[DEBUG][like.go:30] 2023/08/17 13:56:07 [user not exist]
[FATAL][redis.go:113] 2023/08/17 13:56:07 [Token不存在]
[DEBUG][like.go:30] 2023/08/17 13:56:07 [user not exist]
[FATAL][redis.go:113] 2023/08/17 13:56:07 [Token不存在]
[DEBUG][like.go:30] 2023/08/17 13:56:07 [user not exist]
[FATAL][redis.go:113] 2023/08/17 13:56:07 [Token不存在]
[DEBUG][like.go:30] 2023/08/17 13:56:07 [user not exist]
[FATAL][redis.go:113] 2023/08/17 13:56:08 [Token不存在]
[DEBUG][like.go:30] 2023/08/17 13:56:08 [user not exist]
[FATAL][redis.go:113] 2023/08/17 13:56:10 [Token不存在]
[DEBUG][like.go:30] 2023/08/17 13:56:10 [user not exist]
[FATAL][redis.go:113] 2023/08/17 13:56:11 [Token不存在]
[DEBUG][like.go:30] 2023/08/17 13:56:11 [user not exist]
[FATAL][comment.go:77] 2023/08/17 13:56:13 [Error 1146 (42S02): Table 'tinytik.vedio' doesn't exist]
[FATAL][jwt.go:41] 2023/08/17 13:56:56 [0xc000118280]
[DEBUG][video.go:60] 2023/08/17 13:57:03 [no videos]
[DEBUG][publish.go:65] 2023/08/17 13:57:14 [public/173e83b6-a394-4b49-bf15-6208e69a794e-bear_cover.jpg]
[FATAL][redis.go:113] 2023/08/17 13:57:31 [Token不存在]
[DEBUG][like.go:30] 2023/08/17 13:57:31 [user not exist]
[FATAL][redis.go:113] 2023/08/17 14:01:00 [Token不存在]
[DEBUG][like.go:30] 2023/08/17 14:01:00 [user not exist]
[FATAL][comment.go:77] 2023/08/17 14:01:06 [Error 1146 (42S02): Table 'tinytik.vedio' doesn't exist]
[FATAL][redis.go:113] 2023/08/17 14:03:55 [Token不存在]
[DEBUG][like.go:30] 2023/08/17 14:03:55 [user not exist]
